<?xml version="1.0" encoding="UTF-8"?>
<robot generator="Robot 7.2.2 (Python 3.12.6 on win32)" generated="2025-05-23T18:09:30.174577" rpa="false" schemaversion="5">
<suite id="s1" name="Tests" source="C:\Formation\Robot FrameWork\OrangeHRM-5.7\tests">
<suite id="s1-s1" name="ParcoursComplet" source="C:\Formation\Robot FrameWork\OrangeHRM-5.7\tests\ParcoursComplet.robot">
<test id="s1-s1-t1" name="addEmployes" line="15">
<status status="FAIL" start="2025-05-23T18:09:30.405491" elapsed="0.000754">Test cannot be empty.</status>
</test>
<doc>Commande pour éxécuter le test : robot -d "Resultats/ParcoursComplet/" -i "ParcoursComplet" Tests
Keywords SeleniumLibrary : https://robotframework.org/SeleniumLibrary/SeleniumLibrary.html</doc>
<status status="FAIL" start="2025-05-23T18:09:30.206048" elapsed="0.202742"/>
</suite>
<status status="FAIL" start="2025-05-23T18:09:30.174577" elapsed="0.237707"/>
</suite>
<statistics>
<total>
<stat pass="0" fail="1" skip="0">All Tests</stat>
</total>
<tag>
</tag>
<suite>
<stat name="Tests" id="s1" pass="0" fail="1" skip="0">Tests</stat>
<stat name="ParcoursComplet" id="s1-s1" pass="0" fail="1" skip="0">Tests.ParcoursComplet</stat>
</suite>
</statistics>
<errors>
<msg time="2025-05-23T18:09:30.397576" level="ERROR">[ DataDriver ] Error in robot file:
  File "C:\Formation\Robot FrameWork\OrangeHRM-5.7\tests\ParcoursComplet.robot", line 0</msg>
<msg time="2025-05-23T18:09:30.397576" level="ERROR">In source file:
  File "C:\Formation\Robot FrameWork\OrangeHRM-5.7\tests\..\jeu_de_donnees\test.csv", line 0</msg>
<msg time="2025-05-23T18:09:30.402314" level="ERROR">Calling method '_start_suite' of listener 'DataDriver' failed: ValueError: Unassigned requiered argument detected: ${Nom}.</msg>
</errors>
</robot>
