<?xml version="1.0" encoding="UTF-8"?>
<robot generator="Robot 6.0 (Python 3.10.11 on win32)" generated="20250216 20:38:58.127" rpa="false" schemaversion="3">
<suite id="s1" name="Tests" source="C:\Formation\Robot FrameWork\OrangeHRM-5.7\Tests">
<suite id="s1-s1" name="Login Logout" source="C:\Formation\Robot FrameWork\OrangeHRM-5.7\Tests\login_logout.robot">
<test id="s1-s1-t1" name="Parcours Complet" line="18">
<kw name="Set Selenium Speed" library="SeleniumLibrary" type="SETUP">
<arg>1s</arg>
<doc>Sets the delay that is waited after each Selenium command.</doc>
<status status="PASS" starttime="20250216 20:38:58.363" endtime="20250216 20:38:58.363"/>
</kw>
<kw name="open OrangeHRM">
<kw name="Open Browser" library="SeleniumLibrary">
<arg>${URL}</arg>
<arg>${BROWSER}</arg>
<doc>Opens a new browser instance to the optional ``url``.</doc>
<msg timestamp="20250216 20:38:58.363" level="INFO">Opening browser 'Firefox' to base url 'http://localhost/orangehrm-5.7/web/index.php/auth/login'.</msg>
<status status="PASS" starttime="20250216 20:38:58.363" endtime="20250216 20:39:17.821"/>
</kw>
<kw name="Title Should Be" library="SeleniumLibrary">
<arg>OrangeHRM</arg>
<doc>Verifies that the current page title equals ``title``.</doc>
<msg timestamp="20250216 20:39:18.826" level="INFO">Page title is 'OrangeHRM'.</msg>
<status status="PASS" starttime="20250216 20:39:17.821" endtime="20250216 20:39:18.826"/>
</kw>
<status status="PASS" starttime="20250216 20:38:58.363" endtime="20250216 20:39:18.826"/>
</kw>
<kw name="login">
<kw name="Input Text" library="SeleniumLibrary">
<arg>name=username</arg>
<arg>${USERNAME}</arg>
<doc>Types the given ``text`` into the text field identified by ``locator``.</doc>
<msg timestamp="20250216 20:39:18.826" level="INFO">Typing text 'admin' into text field 'name=username'.</msg>
<status status="PASS" starttime="20250216 20:39:18.826" endtime="20250216 20:39:21.874"/>
</kw>
<kw name="Input Text" library="SeleniumLibrary">
<arg>name=password</arg>
<arg>${PASSWORD}</arg>
<doc>Types the given ``text`` into the text field identified by ``locator``.</doc>
<msg timestamp="20250216 20:39:21.874" level="INFO">Typing text 'Abandass-2024' into text field 'name=password'.</msg>
<status status="PASS" starttime="20250216 20:39:21.874" endtime="20250216 20:39:24.891"/>
</kw>
<kw name="Click Button" library="SeleniumLibrary">
<arg>xpath=//button[@type='submit']</arg>
<doc>Clicks the button identified by ``locator``.</doc>
<msg timestamp="20250216 20:39:24.891" level="INFO">Clicking button 'xpath=//button[@type='submit']'.</msg>
<status status="PASS" starttime="20250216 20:39:24.891" endtime="20250216 20:39:30.136"/>
</kw>
<status status="PASS" starttime="20250216 20:39:18.826" endtime="20250216 20:39:30.136"/>
</kw>
<kw name="logout">
<kw name="Wait Until Element Is Visible" library="SeleniumLibrary">
<arg>xpath=//span[@class='oxd-userdropdown-tab']</arg>
<arg>timeout=30s</arg>
<doc>Waits until the element ``locator`` is visible.</doc>
<status status="PASS" starttime="20250216 20:39:30.136" endtime="20250216 20:39:32.239"/>
</kw>
<kw name="Click Element" library="SeleniumLibrary">
<arg>xpath=//span[@class='oxd-userdropdown-tab']</arg>
<doc>Click the element identified by ``locator``.</doc>
<msg timestamp="20250216 20:39:32.239" level="INFO">Clicking element 'xpath=//span[@class='oxd-userdropdown-tab']'.</msg>
<status status="PASS" starttime="20250216 20:39:32.239" endtime="20250216 20:39:34.473"/>
</kw>
<kw name="Wait Until Element Is Visible" library="SeleniumLibrary">
<arg>xpath=//a[contains(text(),'Logout')]</arg>
<arg>timeout=30s</arg>
<doc>Waits until the element ``locator`` is visible.</doc>
<status status="PASS" starttime="20250216 20:39:34.473" endtime="20250216 20:39:36.505"/>
</kw>
<kw name="Click Element" library="SeleniumLibrary">
<arg>xpath=//a[contains(text(),'Logout')]</arg>
<doc>Click the element identified by ``locator``.</doc>
<msg timestamp="20250216 20:39:36.505" level="INFO">Clicking element 'xpath=//a[contains(text(),'Logout')]'.</msg>
<status status="PASS" starttime="20250216 20:39:36.505" endtime="20250216 20:39:39.191"/>
</kw>
<status status="PASS" starttime="20250216 20:39:30.136" endtime="20250216 20:39:39.191"/>
</kw>
<kw name="Close Browser" library="SeleniumLibrary" type="TEARDOWN">
<doc>Closes the current browser.</doc>
<status status="PASS" starttime="20250216 20:39:39.191" endtime="20250216 20:39:43.279"/>
</kw>
<tag>login</tag>
<tag>login_logout</tag>
<status status="PASS" starttime="20250216 20:38:58.363" endtime="20250216 20:39:43.279"/>
</test>
<doc>Commande pour éxécuter le test : robot -d "Resultats/login_logout/" -i "login_logout" Tests
Keywords SeleniumLibrary : https://robotframework.org/SeleniumLibrary/SeleniumLibrary.html</doc>
<status status="PASS" starttime="20250216 20:38:58.153" endtime="20250216 20:39:43.284"/>
</suite>
<status status="PASS" starttime="20250216 20:38:58.127" endtime="20250216 20:39:43.284"/>
</suite>
<statistics>
<total>
<stat pass="1" fail="0" skip="0">All Tests</stat>
</total>
<tag>
<stat pass="1" fail="0" skip="0">login</stat>
<stat pass="1" fail="0" skip="0">login_logout</stat>
</tag>
<suite>
<stat pass="1" fail="0" skip="0" id="s1" name="Tests">Tests</stat>
<stat pass="1" fail="0" skip="0" id="s1-s1" name="Login Logout">Tests.Login Logout</stat>
</suite>
</statistics>
<errors>
</errors>
</robot>
