<?xml version="1.0" encoding="UTF-8"?>
<robot generator="Robot 7.2.2 (Python 3.12.6 on win32)" generated="2025-03-14T16:35:37.749195" rpa="false" schemaversion="5">
<suite id="s1" name="Tests" source="C:\Formation\Robot FrameWork\OrangeHRM-5.7\Tests">
<suite id="s1-s1" name="ParcoursComplet" source="C:\Formation\Robot FrameWork\OrangeHRM-5.7\Tests\ParcoursComplet.robot">
<test id="s1-s1-t1" name="Parcours Complet" line="23">
<kw name="Set Selenium Speed" owner="SeleniumLibrary" type="SETUP">
<arg>1s</arg>
<doc>Sets the delay that is waited after each Selenium command.</doc>
<status status="PASS" start="2025-03-14T16:35:38.170352" elapsed="0.000000"/>
</kw>
<kw name="Read CSV File">
<msg time="2025-03-14T16:35:38.170352" level="FAIL">Keyword 'Read CSV File' expected 1 argument, got 0.</msg>
<status status="FAIL" start="2025-03-14T16:35:38.170352" elapsed="0.000000">Keyword 'Read CSV File' expected 1 argument, got 0.</status>
</kw>
<kw name="Read CSV File">
<var>${emp_data}</var>
<arg>${CSV_FILE}</arg>
<status status="NOT RUN" start="2025-03-14T16:35:38.170352" elapsed="0.000000"/>
</kw>
<kw name=":FOR">
<arg>${row}</arg>
<arg>IN</arg>
<arg>@{emp_data}</arg>
<status status="NOT RUN" start="2025-03-14T16:35:38.170352" elapsed="0.000000"/>
</kw>
<kw name="\">
<arg>${firstName}=</arg>
<arg>Get From List</arg>
<arg>${row}</arg>
<arg>0</arg>
<status status="NOT RUN" start="2025-03-14T16:35:38.170352" elapsed="0.000000"/>
</kw>
<kw name="\">
<arg>${lastName}=</arg>
<arg>Get From List</arg>
<arg>${row}</arg>
<arg>1</arg>
<status status="NOT RUN" start="2025-03-14T16:35:38.170352" elapsed="0.000000"/>
</kw>
<kw name="\">
<arg>${nationalityId}=</arg>
<arg>Get From List</arg>
<arg>${row}</arg>
<arg>3</arg>
<status status="NOT RUN" start="2025-03-14T16:35:38.170352" elapsed="0.000000"/>
</kw>
<kw name="\">
<arg>${dateOfBirth}=</arg>
<arg>Get From List</arg>
<arg>${row}</arg>
<arg>4</arg>
<status status="NOT RUN" start="2025-03-14T16:35:38.170352" elapsed="0.000000"/>
</kw>
<kw name="\">
<arg>${maritalStatus}=</arg>
<arg>Get From List</arg>
<arg>${row}</arg>
<arg>5</arg>
<status status="NOT RUN" start="2025-03-14T16:35:38.170352" elapsed="0.000000"/>
</kw>
<kw name="\">
<arg>${gender}=</arg>
<arg>Get From List</arg>
<arg>${row}</arg>
<arg>6</arg>
<status status="NOT RUN" start="2025-03-14T16:35:38.170352" elapsed="0.000000"/>
</kw>
<kw name="\">
<arg>${id}=</arg>
<arg>Generate Random ID</arg>
<status status="NOT RUN" start="2025-03-14T16:35:38.170352" elapsed="0.000000"/>
</kw>
<kw name="open OrangeHRM">
<status status="NOT RUN" start="2025-03-14T16:35:38.170352" elapsed="0.000000"/>
</kw>
<kw name="login">
<status status="NOT RUN" start="2025-03-14T16:35:38.170352" elapsed="0.000000"/>
</kw>
<kw name="addEmployes">
<status status="NOT RUN" start="2025-03-14T16:35:38.170352" elapsed="0.000000"/>
</kw>
<kw name="addEmpDetail">
<status status="NOT RUN" start="2025-03-14T16:35:38.170352" elapsed="0.000000"/>
</kw>
<kw name="logout">
<status status="NOT RUN" start="2025-03-14T16:35:38.170352" elapsed="0.000000"/>
</kw>
<kw name="Close Browser" owner="SeleniumLibrary" type="TEARDOWN">
<doc>Closes the current browser.</doc>
<status status="PASS" start="2025-03-14T16:35:38.170352" elapsed="0.000000"/>
</kw>
<tag>ParcoursComplet</tag>
<status status="FAIL" start="2025-03-14T16:35:38.170352" elapsed="0.000000">Keyword 'Read CSV File' expected 1 argument, got 0.</status>
</test>
<doc>Commande pour éxécuter le test : robot -d "Resultats/ParcoursComplet/" -i "ParcoursComplet" Tests
Keywords SeleniumLibrary : https://robotframework.org/SeleniumLibrary/SeleniumLibrary.html</doc>
<status status="FAIL" start="2025-03-14T16:35:37.769185" elapsed="0.410212"/>
</suite>
<status status="FAIL" start="2025-03-14T16:35:37.751203" elapsed="0.429605"/>
</suite>
<statistics>
<total>
<stat pass="0" fail="1" skip="0">All Tests</stat>
</total>
<tag>
<stat pass="0" fail="1" skip="0">ParcoursComplet</stat>
</tag>
<suite>
<stat name="Tests" id="s1" pass="0" fail="1" skip="0">Tests</stat>
<stat name="ParcoursComplet" id="s1-s1" pass="0" fail="1" skip="0">Tests.ParcoursComplet</stat>
</suite>
</statistics>
<errors>
<msg time="2025-03-14T16:35:37.737746" level="WARN">Error in file 'C:\Formation\Robot FrameWork\OrangeHRM-5.7\Tests\ParcoursComplet.robot' on line 47: The '[Return]' setting is deprecated. Use the 'RETURN' statement instead.</msg>
<msg time="2025-03-14T16:35:37.737746" level="WARN">Error in file 'C:\Formation\Robot FrameWork\OrangeHRM-5.7\Tests\ParcoursComplet.robot' on line 51: The '[Return]' setting is deprecated. Use the 'RETURN' statement instead.</msg>
</errors>
</robot>
