<?xml version="1.0" encoding="UTF-8"?>
<robot generator="Robot 7.2.2 (Python 3.12.6 on win32)" generated="2025-03-14T16:28:41.370901" rpa="false" schemaversion="5">
<suite id="s1" name="Tests" source="C:\Formation\Robot FrameWork\OrangeHRM-5.7\Tests">
<suite id="s1-s1" name="Csv" source="C:\Formation\Robot FrameWork\OrangeHRM-5.7\Tests\csv.robot">
<test id="s1-s1-t1" name="CSV FILE" line="6">
<kw name="Read csv file to a list example test">
<msg time="2025-03-14T16:28:41.403850" level="FAIL">No keyword with name 'Read csv file to a list example test' found.</msg>
<status status="FAIL" start="2025-03-14T16:28:41.403850" elapsed="0.000000">No keyword with name 'Read csv file to a list example test' found.</status>
</kw>
<kw name="Read Csv File To List" owner="CSVLibrary">
<var>@{list}</var>
<arg>data.csv</arg>
<doc>Read CSV file and return its content as a Python list of tuples.</doc>
<status status="NOT RUN" start="2025-03-14T16:28:41.403850" elapsed="0.000000"/>
</kw>
<kw name="Log" owner="BuiltIn">
<arg>${list[0]}</arg>
<doc>Logs the given message with the given level.</doc>
<status status="NOT RUN" start="2025-03-14T16:28:41.403850" elapsed="0.000000"/>
</kw>
<kw name="Log" owner="BuiltIn">
<arg>${list[1]}</arg>
<doc>Logs the given message with the given level.</doc>
<status status="NOT RUN" start="2025-03-14T16:28:41.403850" elapsed="0.000000"/>
</kw>
<kw name="Read csv file to a dict example test">
<status status="NOT RUN" start="2025-03-14T16:28:41.403850" elapsed="0.000000"/>
</kw>
<kw name="Read Csv File To Associative" owner="CSVLibrary">
<var>@{dict}</var>
<arg>data.csv</arg>
<doc>Read CSV file and return its content as a Python list of dictionaries.</doc>
<status status="NOT RUN" start="2025-03-14T16:28:41.403850" elapsed="0.000000"/>
</kw>
<kw name="Log" owner="BuiltIn">
<arg>&amp;{dict[0]}[first_name]</arg>
<arg>&amp;{dict[0]}[last_name]</arg>
<doc>Logs the given message with the given level.</doc>
<status status="NOT RUN" start="2025-03-14T16:28:41.403850" elapsed="0.000000"/>
</kw>
<tag>Readfilefromcsv</tag>
<status status="FAIL" start="2025-03-14T16:28:41.403850" elapsed="0.000000">No keyword with name 'Read csv file to a list example test' found.</status>
</test>
<status status="FAIL" start="2025-03-14T16:28:41.387939" elapsed="0.015911"/>
</suite>
<status status="FAIL" start="2025-03-14T16:28:41.372051" elapsed="0.031799"/>
</suite>
<statistics>
<total>
<stat pass="0" fail="1" skip="0">All Tests</stat>
</total>
<tag>
<stat pass="0" fail="1" skip="0">Readfilefromcsv</stat>
</tag>
<suite>
<stat name="Tests" id="s1" pass="0" fail="1" skip="0">Tests</stat>
<stat name="Csv" id="s1-s1" pass="0" fail="1" skip="0">Tests.Csv</stat>
</suite>
</statistics>
<errors>
<msg time="2025-03-14T16:28:41.353647" level="WARN">Error in file 'C:\Formation\Robot FrameWork\OrangeHRM-5.7\Tests\ParcoursComplet.robot' on line 46: The '[Return]' setting is deprecated. Use the 'RETURN' statement instead.</msg>
</errors>
</robot>
